<?xml version="1.0" encoding="UTF-8"?>
<testng-results skipped="0" failed="1" total="2" passed="1">
  <reporter-output>
  </reporter-output>
  <suite name="Default suite" duration-ms="34752" started-at="2020-01-09T07:01:29Z" finished-at="2020-01-09T07:02:03Z">
    <groups>
    </groups>
    <test name="Default test" duration-ms="34752" started-at="2020-01-09T07:01:29Z" finished-at="2020-01-09T07:02:03Z">
      <class name="testNGpackagedemo.Verifygooglepagetest">
        <test-method status="PASS" signature="startapp()[pri:0, instance:testNGpackagedemo.Verifygooglepagetest@4de8b406]" name="startapp" is-config="true" duration-ms="21544" started-at="2020-01-09T12:31:29Z" finished-at="2020-01-09T12:31:50Z">
          <reporter-output>
          </reporter-output>
        </test-method> <!-- startapp -->
        <test-method status="FAIL" signature="checktitle()[pri:0, instance:testNGpackagedemo.Verifygooglepagetest@4de8b406]" name="checktitle" duration-ms="55" started-at="2020-01-09T12:31:50Z" finished-at="2020-01-09T12:31:50Z">
          <exception class="java.lang.AssertionError">
            <message>
              <![CDATA[expected [Google] but found [google]]]>
            </message>
            <full-stacktrace>
              <![CDATA[java.lang.AssertionError: expected [Google] but found [google]
	at org.testng.Assert.fail(Assert.java:94)
	at org.testng.Assert.failNotEquals(Assert.java:496)
	at org.testng.Assert.assertEquals(Assert.java:125)
	at org.testng.Assert.assertEquals(Assert.java:178)
	at org.testng.Assert.assertEquals(Assert.java:188)
	at testNGpackagedemo.Verifygooglepagetest.checktitle(Verifygooglepagetest.java:24)
	at sun.reflect.NativeMethodAccessorImpl.invoke0(Native Method)
	at sun.reflect.NativeMethodAccessorImpl.invoke(Unknown Source)
	at sun.reflect.DelegatingMethodAccessorImpl.invoke(Unknown Source)
	at java.lang.reflect.Method.invoke(Unknown Source)
	at org.testng.internal.MethodInvocationHelper.invokeMethod(MethodInvocationHelper.java:85)
	at org.testng.internal.Invoker.invokeMethod(Invoker.java:639)
	at org.testng.internal.Invoker.invokeTestMethod(Invoker.java:816)
	at org.testng.internal.Invoker.invokeTestMethods(Invoker.java:1124)
	at org.testng.internal.TestMethodWorker.invokeTestMethods(TestMethodWorker.java:125)
	at org.testng.internal.TestMethodWorker.run(TestMethodWorker.java:108)
	at org.testng.TestRunner.privateRun(TestRunner.java:774)
	at org.testng.TestRunner.run(TestRunner.java:624)
	at org.testng.SuiteRunner.runTest(SuiteRunner.java:359)
	at org.testng.SuiteRunner.runSequentially(SuiteRunner.java:354)
	at org.testng.SuiteRunner.privateRun(SuiteRunner.java:312)
	at org.testng.SuiteRunner.run(SuiteRunner.java:261)
	at org.testng.SuiteRunnerWorker.runSuite(SuiteRunnerWorker.java:52)
	at org.testng.SuiteRunnerWorker.run(SuiteRunnerWorker.java:86)
	at org.testng.TestNG.runSuitesSequentially(TestNG.java:1215)
	at org.testng.TestNG.runSuitesLocally(TestNG.java:1140)
	at org.testng.TestNG.run(TestNG.java:1048)
	at org.testng.remote.AbstractRemoteTestNG.run(AbstractRemoteTestNG.java:114)
	at org.testng.remote.RemoteTestNG.initAndRun(RemoteTestNG.java:251)
	at org.testng.remote.RemoteTestNG.main(RemoteTestNG.java:77)
]]>
            </full-stacktrace>
          </exception> <!-- java.lang.AssertionError -->
          <reporter-output>
          </reporter-output>
        </test-method> <!-- checktitle -->
        <test-method status="PASS" signature="startapp()[pri:0, instance:testNGpackagedemo.Verifygooglepagetest@4de8b406]" name="startapp" is-config="true" duration-ms="13054" started-at="2020-01-09T12:31:50Z" finished-at="2020-01-09T12:32:03Z">
          <reporter-output>
          </reporter-output>
        </test-method> <!-- startapp -->
        <test-method status="PASS" signature="checklogo()[pri:1, instance:testNGpackagedemo.Verifygooglepagetest@4de8b406]" name="checklogo" duration-ms="72" started-at="2020-01-09T12:32:03Z" finished-at="2020-01-09T12:32:03Z">
          <reporter-output>
          </reporter-output>
        </test-method> <!-- checklogo -->
      </class> <!-- testNGpackagedemo.Verifygooglepagetest -->
    </test> <!-- Default test -->
  </suite> <!-- Default suite -->
</testng-results>
